21.354689 M parameters
step 0: train loss 4.2523, eval loss 4.2590
step 200: train loss 2.4837, eval loss 2.4952
step 400: train loss 2.3700, eval loss 2.4187
step 600: train loss 2.0104, eval loss 2.1198
step 800: train loss 1.7567, eval loss 1.9082
step 1000: train loss 1.6149, eval loss 1.7980
step 1200: train loss 1.5364, eval loss 1.7358
step 1400: train loss 1.4615, eval loss 1.6608
step 1600: train loss 1.4246, eval loss 1.6452
step 1800: train loss 1.3855, eval loss 1.6479
step 2000: train loss 1.3498, eval loss 1.5916
step 2200: train loss 1.3185, eval loss 1.5801
step 2400: train loss 1.2960, eval loss 1.5827
step 2600: train loss 1.2711, eval loss 1.5553
step 2800: train loss 1.2561, eval loss 1.5491
step 3000: train loss 1.2312, eval loss 1.5325
step 3200: train loss 1.2156, eval loss 1.5195
step 3400: train loss 1.1961, eval loss 1.5353
step 3600: train loss 1.1845, eval loss 1.5456
step 3800: train loss 1.1694, eval loss 1.5379
step 4000: train loss 1.1476, eval loss 1.5227
step 4200: train loss 1.1383, eval loss 1.5448
step 4400: train loss 1.1243, eval loss 1.5439
step 4600: train loss 1.1069, eval loss 1.5376
step 4800: train loss 1.0963, eval loss 1.5495
step 4999: train loss 1.0781, eval loss 1.5488
1.1170408725738525

Come; counsel shake, juck, her mortal
Most slike occursed another. For the duke is dead?

KING HENRY VI:
And very fools, I'll dare appold it is.

KING EDWARD IV:
Welcome, I'll wish the Earl of Wishire.
Had you not done with Greece?
Now was not with him? What say's that way you
Behind she did ask to much do't.

CLAUDIO:
And I'll march the great dege,
Lest file that vain wolf you be nothing;
Who carried man you wot her know shed her shearing.

LADY CAPULET:
Have you not disclock'd the might have forgoott
Why it less itterposs.

CAPULET:
Hark, you: what it is the so?

Shepherd:
O, her fit.

LUCIO:
Are in a vulgar piz arrest, serven forth.

Nurse:
For 'twas a doubt to the villace that;
For, neither, that church to much lasts.

LUCIO:
Woover you live! what's the wit commoning
wor, you have must refended that you run aught
You'ld laught.

CAMILO:
You are a tink of botten you are.

LUCENT:
How carest too!
Brother of your mother father's mindured wink me
To ease your general consent for.

SICA

