Initialize new model
5.368961 M parameters
step 0: train loss 4.3955, eval loss 4.3939
step 200: train loss 2.4412, eval loss 2.4592  
saving checkpoint
step 400: train loss 2.3267, eval loss 2.3590
saving checkpoint
step 600: train loss 2.1084, eval loss 2.1814
saving checkpoint
step 800: train loss 1.9138, eval loss 2.0227  
saving checkpoint
step 1000: train loss 1.7456, eval loss 1.8816
saving checkpoint
step 1200: train loss 1.6576, eval loss 1.8239
saving checkpoint
step 1400: train loss 1.5863, eval loss 1.7682
saving checkpoint
step 1600: train loss 1.5122, eval loss 1.7120
saving checkpoint
step 1800: train loss 1.4594, eval loss 1.6632
saving checkpoint
step 2000: train loss 1.4389, eval loss 1.6527
saving checkpoint
step 2200: train loss 1.3929, eval loss 1.6149
saving checkpoint
step 2400: train loss 1.3606, eval loss 1.6023
saving checkpoint
step 2600: train loss 1.3453, eval loss 1.5867
saving checkpoint
step 2800: train loss 1.3211, eval loss 1.5789
Resume training existing model
5.368961 M parameters
step 2800: train loss 1.3210, eval loss 1.5707
saving checkpoint
step 3000: train loss 1.2948, eval loss 1.5602
saving checkpoint
step 3200: train loss 1.2747, eval loss 1.5561
saving checkpoint
step 3400: train loss 1.2632, eval loss 1.5506
saving checkpoint
step 3600: train loss 1.2478, eval loss 1.5400
saving checkpoint
step 3800: train loss 1.2248, eval loss 1.5305
saving checkpoint
step 4000: train loss 1.2212, eval loss 1.5309
step 4200: train loss 1.2041, eval loss 1.5343
step 4400: train loss 1.1918, eval loss 1.5250
saving checkpoint
step 4600: train loss 1.1778, eval loss 1.5313
step 4800: train loss 1.1645, eval loss 1.5315
step 4999: train loss 1.1570, eval loss 1.5382
step 5000: train loss 1.1540, eval loss 1.5292
1.2441318035125732

Whith fairf saces we brach, that laid other resigns
With light weak king.

LEONTES:

LEOhSES:
My reson?

PAULINA:
Mean, betmed, this possestes of your'kep.

LEONTES:
Go be petty was; not it is none obintion.
I would have resort to me some within
Take the sorrow of your pleasure of your rage.

LEONTES:
Will I show youth, her,
You must we have must resolute for me.

CAMILO:
I take good remand, and gracious side,
Comfort men by your own own doubt twell,
I umary gamp of getter; wellow your love.

PAULINA:
Put I long, so hods deligns in air day;
Whose the lips as eyes,
To strange him that leisured sens!
Doth this deprous their trieIn must had
To slain my hours sick.
But me, wife.

LEONTES:
Shall I be it,
When he hath to lefed me son or charity,
Manswer is touch'd, when disdeed speed mine
At himself? after his men
Mercude life, or his the death. Sir,

LEONTES:
But my life!

Liest Muss, I had follow be rate of the crown.

HERMIONE:
A sport worsh to love give your home!

PERDITA:
And stir, not

